⚓ **Weapon Scout Report (02/28 09:00)**

**scrapegraph-ai** (12500⭐)
  ⏳ Review
  • Alpha: 10/10 은밀
  • Bravo: Fast 속도
  • Charlie: 🔒 안전
  • Delta: High 품질
  • Echo: 🔄 IP轮替

**firecrawl** (8200⭐)
  ⏳ Review
  • Alpha: 10/10 은밀
  • Bravo: Fast 속도
  • Charlie: 🔒 안전
  • Delta: High 품질
  • Echo: 🔄 IP轮替

**craw4ai** (5600⭐)
  ⏳ Review
  • Alpha: 10/10 은밀
  • Bravo: Fast 속도
  • Charlie: 🔒 안전
  • Delta: High 품질
  • Echo: 🔄 IP轮替

**botify** (3200⭐)
  ⏳ Review
  • Alpha: 6/10 은밀
  • Bravo: Fast 속도
  • Charlie: 🔒 안전
  • Delta: High 품질
  • Echo: 🔄 IP轮替

**playwright-stealth** (2100⭐)
  ⏳ Review
  • Alpha: 4/10 은밀
  • Bravo: Fast 속도
  • Charlie: 🔒 안전
  • Delta: High 품질
  • Echo: 🔄 IP轮替

**총계:** 5개 중 0개 **Deploy 가능**

⚓ **Weapon Scout Report (03/01 09:00)**

**scrapegraph-ai** (12500⭐)
  ⏳ Review
  • Alpha: 10/10 은밀
  • Bravo: Fast 속도
  • Charlie: 🔒 안전
  • Delta: High 품질
  • Echo: 🔄 IP轮替

**firecrawl** (8200⭐)
  ⏳ Review
  • Alpha: 10/10 은밀
  • Bravo: Fast 속도
  • Charlie: 🔒 안전
  • Delta: High 품질
  • Echo: 🔄 IP轮替

**craw4ai** (5600⭐)
  ⏳ Review
  • Alpha: 10/10 은밀
  • Bravo: Fast 속도
  • Charlie: 🔒 안전
  • Delta: High 품질
  • Echo: 🔄 IP轮替

**botify** (3200⭐)
  ⏳ Review
  • Alpha: 6/10 은밀
  • Bravo: Fast 속도
  • Charlie: 🔒 안전
  • Delta: High 품질
  • Echo: 🔄 IP轮替

**playwright-stealth** (2100⭐)
  ⏳ Review
  • Alpha: 4/10 은밀
  • Bravo: Fast 속도
  • Charlie: 🔒 안전
  • Delta: High 품질
  • Echo: 🔄 IP轮替

**총계:** 5개 중 0개 **Deploy 가능**

⚓ **Weapon Scout Report (03/02 09:00)**

**scrapegraph-ai** (12500⭐)
  ⏳ Review
  • Alpha: 10/10 은밀
  • Bravo: Fast 속도
  • Charlie: 🔒 안전
  • Delta: High 품질
  • Echo: 🔄 IP轮替

**firecrawl** (8200⭐)
  ⏳ Review
  • Alpha: 10/10 은밀
  • Bravo: Fast 속도
  • Charlie: 🔒 안전
  • Delta: High 품질
  • Echo: 🔄 IP轮替

**craw4ai** (5600⭐)
  ⏳ Review
  • Alpha: 10/10 은밀
  • Bravo: Fast 속도
  • Charlie: 🔒 안전
  • Delta: High 품질
  • Echo: 🔄 IP轮替

**botify** (3200⭐)
  ⏳ Review
  • Alpha: 6/10 은밀
  • Bravo: Fast 속도
  • Charlie: 🔒 안전
  • Delta: High 품질
  • Echo: 🔄 IP轮替

**playwright-stealth** (2100⭐)
  ⏳ Review
  • Alpha: 4/10 은밀
  • Bravo: Fast 속도
  • Charlie: 🔒 안전
  • Delta: High 품질
  • Echo: 🔄 IP轮替

**총계:** 5개 중 0개 **Deploy 가능**

⚓ **Weapon Scout Report (03/03 09:00)**

**scrapegraph-ai** (12500⭐)
  ⏳ Review
  • Alpha: 10/10 은밀
  • Bravo: Fast 속도
  • Charlie: 🔒 안전
  • Delta: High 품질
  • Echo: 🔄 IP轮替

**firecrawl** (8200⭐)
  ⏳ Review
  • Alpha: 10/10 은밀
  • Bravo: Fast 속도
  • Charlie: 🔒 안전
  • Delta: High 품질
  • Echo: 🔄 IP轮替

**craw4ai** (5600⭐)
  ⏳ Review
  • Alpha: 10/10 은밀
  • Bravo: Fast 속도
  • Charlie: 🔒 안전
  • Delta: High 품질
  • Echo: 🔄 IP轮替

**botify** (3200⭐)
  ⏳ Review
  • Alpha: 6/10 은밀
  • Bravo: Fast 속도
  • Charlie: 🔒 안전
  • Delta: High 품질
  • Echo: 🔄 IP轮替

**playwright-stealth** (2100⭐)
  ⏳ Review
  • Alpha: 4/10 은밀
  • Bravo: Fast 속도
  • Charlie: 🔒 안전
  • Delta: High 품질
  • Echo: 🔄 IP轮替

**총계:** 5개 중 0개 **Deploy 가능**

⚓ **Weapon Scout Report (03/04 09:00)**

**scrapegraph-ai** (12500⭐)
  ⏳ Review
  • Alpha: 10/10 은밀
  • Bravo: Fast 속도
  • Charlie: 🔒 안전
  • Delta: High 품질
  • Echo: 🔄 IP轮替

**firecrawl** (8200⭐)
  ⏳ Review
  • Alpha: 10/10 은밀
  • Bravo: Fast 속도
  • Charlie: 🔒 안전
  • Delta: High 품질
  • Echo: 🔄 IP轮替

**craw4ai** (5600⭐)
  ⏳ Review
  • Alpha: 10/10 은밀
  • Bravo: Fast 속도
  • Charlie: 🔒 안전
  • Delta: High 품질
  • Echo: 🔄 IP轮替

**botify** (3200⭐)
  ⏳ Review
  • Alpha: 6/10 은밀
  • Bravo: Fast 속도
  • Charlie: 🔒 안전
  • Delta: High 품질
  • Echo: 🔄 IP轮替

**playwright-stealth** (2100⭐)
  ⏳ Review
  • Alpha: 4/10 은밀
  • Bravo: Fast 속도
  • Charlie: 🔒 안전
  • Delta: High 품질
  • Echo: 🔄 IP轮替

**총계:** 5개 중 0개 **Deploy 가능**

⚓ **Weapon Scout Report (03/05 09:00)**

**scrapegraph-ai** (12500⭐)
  ⏳ Review
  • Alpha: 10/10 은밀
  • Bravo: Fast 속도
  • Charlie: 🔒 안전
  • Delta: High 품질
  • Echo: 🔄 IP轮替

**firecrawl** (8200⭐)
  ⏳ Review
  • Alpha: 10/10 은밀
  • Bravo: Fast 속도
  • Charlie: 🔒 안전
  • Delta: High 품질
  • Echo: 🔄 IP轮替

**craw4ai** (5600⭐)
  ⏳ Review
  • Alpha: 10/10 은밀
  • Bravo: Fast 속도
  • Charlie: 🔒 안전
  • Delta: High 품질
  • Echo: 🔄 IP轮替

**botify** (3200⭐)
  ⏳ Review
  • Alpha: 6/10 은밀
  • Bravo: Fast 속도
  • Charlie: 🔒 안전
  • Delta: High 품질
  • Echo: 🔄 IP轮替

**playwright-stealth** (2100⭐)
  ⏳ Review
  • Alpha: 4/10 은밀
  • Bravo: Fast 속도
  • Charlie: 🔒 안전
  • Delta: High 품질
  • Echo: 🔄 IP轮替

**총계:** 5개 중 0개 **Deploy 가능**

